=== TESTING MODE ===
[!] Loaded weights from best_model_data_2.pkl
Loading dataset from data_2...
Found 100 classes: ['apple', 'aquarium_fish', 'baby', 'bear', 'beaver'] ...
Dataset loaded: 50000 images in 76.56 seconds.
--- Evaluating on Test ---

Overall Accuracy: 1.84% (920/50000)
Class      Precision  Recall     F1-Score  
----------------------------------------
0          0.2271     0.2680     0.2459
1          0.1931     0.1780     0.1852
2          0.1252     0.1260     0.1256
3          0.1831     0.1300     0.1520
4          0.1636     0.1800     0.1714
5          0.1825     0.2080     0.1944
6          0.1601     0.1780     0.1686
7          0.1705     0.1340     0.1501
8          0.2315     0.2440     0.2376
9          0.1960     0.1940     0.1950
----------------------------------------
Macro Avg  0.1833     0.1840     0.1826

Final Test Accuracy: 1.84%
=== TESTING MODE ===
[!] Loaded weights from best_model_data_1.pkl
Loading dataset from data_1...
Found 10 classes: ['0', '1', '2', '3', '4'] ...
Dataset loaded: 60000 images in 61.93 seconds.
--- Evaluating on Test ---

Overall Accuracy: 10.46% (6275/60000)
Class      Precision  Recall     F1-Score  
----------------------------------------
0          0.3235     0.0964     0.1485
1          0.0754     0.0865     0.0806
2          0.1142     0.1910     0.1429
3          0.0938     0.0966     0.0952
4          0.0735     0.0565     0.0639
5          0.1506     0.1854     0.1662
6          0.0139     0.0059     0.0083
7          0.1071     0.0836     0.0939
8          0.0910     0.1149     0.1016
9          0.0996     0.1387     0.1160
----------------------------------------
Macro Avg  0.1143     0.1055     0.1017

Final Test Accuracy: 10.46%
=== TESTING MODE ===
[!] Loaded weights from final_model_data_2.pkl
Loading dataset from data_2...
Found 100 classes: ['apple', 'aquarium_fish', 'baby', 'bear', 'beaver'] ...
Dataset loaded: 50000 images in 72.78 seconds.
--- Evaluating on Test ---

Overall Accuracy: 1.90% (951/50000)
Class      Precision  Recall     F1-Score  
----------------------------------------
0          0.2199     0.2480     0.2331
1          0.2194     0.1720     0.1928
2          0.1304     0.1320     0.1312
3          0.1797     0.1520     0.1647
4          0.1590     0.1800     0.1689
5          0.1862     0.2420     0.2104
6          0.1826     0.1680     0.1750
7          0.1808     0.1620     0.1709
8          0.2390     0.2600     0.2490
9          0.2081     0.1860     0.1964
----------------------------------------
Macro Avg  0.1905     0.1902     0.1892

Final Test Accuracy: 1.90%
